2019-04-25 13:51:56,134 [Worker-7: Loading available Gradle versions] INFO  o.e.b.c.i.u.g.PublishedGradleVersions - Gradle version information cache is out-of-date. Trying to update.
2019-04-25 13:53:23,407 [Worker-0: Loading available Gradle versions] INFO  o.e.b.c.i.u.g.PublishedGradleVersions - Gradle version information cache is up-to-date. Trying to read.
2019-04-25 13:59:56,491 [Worker-6: Loading available Gradle versions] INFO  o.e.b.c.i.u.g.PublishedGradleVersions - Gradle version information cache is up-to-date. Trying to read.
2019-04-25 14:02:57,300 [Worker-1: reload maven project] INFO  o.e.m.c.i.e.AbstractTransferListenerAdapter - Downloaded https://oss.sonatype.org/content/repositories/snapshots/org/springframework/boot/spring-boot-starter-parent/1.5.18.RELEASE/spring-boot-starter-parent-1.5.18.RELEASE.pom
2019-04-25 14:02:57,746 [Worker-1: reload maven project] INFO  o.e.m.c.i.e.AbstractTransferListenerAdapter - Downloading https://repo.spring.io/libs-release/org/springframework/boot/spring-boot-starter-parent/1.5.18.RELEASE/spring-boot-starter-parent-1.5.18.RELEASE.pom
2019-04-25 14:02:57,901 [Worker-1: reload maven project] INFO  o.e.m.c.i.e.AbstractTransferListenerAdapter - Downloaded https://repo.spring.io/libs-release/org/springframework/boot/spring-boot-starter-parent/1.5.18.RELEASE/spring-boot-starter-parent-1.5.18.RELEASE.pom
2019-04-25 14:02:58,063 [Worker-1: reload maven project] INFO  o.e.m.c.i.e.AbstractTransferListenerAdapter - Downloaded https://oss.sonatype.org/content/repositories/snapshots/org/springframework/boot/spring-boot-dependencies/1.5.18.RELEASE/spring-boot-dependencies-1.5.18.RELEASE.pom
2019-04-25 14:02:58,227 [Worker-1: reload maven project] INFO  o.e.m.c.i.e.AbstractTransferListenerAdapter - Downloading https://repo.spring.io/libs-release/org/springframework/boot/spring-boot-dependencies/1.5.18.RELEASE/spring-boot-dependencies-1.5.18.RELEASE.pom
2019-04-25 14:02:58,634 [Worker-1: reload maven project] INFO  o.e.m.c.i.e.AbstractTransferListenerAdapter - Downloaded https://repo.spring.io/libs-release/org/springframework/boot/spring-boot-dependencies/1.5.18.RELEASE/spring-boot-dependencies-1.5.18.RELEASE.pom
2019-04-25 14:03:02,679 [Worker-1: reload maven project] INFO  o.e.m.c.i.e.AbstractTransferListenerAdapter - Downloaded https://oss.sonatype.org/content/repositories/snapshots/com/fasterxml/jackson/jackson-bom/2.8.11.20181123/jackson-bom-2.8.11.20181123.pom
2019-04-25 14:03:02,837 [Worker-1: reload maven project] INFO  o.e.m.c.i.e.AbstractTransferListenerAdapter - Downloading https://repo.spring.io/libs-release/com/fasterxml/jackson/jackson-bom/2.8.11.20181123/jackson-bom-2.8.11.20181123.pom
2019-04-25 14:03:02,997 [Worker-1: reload maven project] INFO  o.e.m.c.i.e.AbstractTransferListenerAdapter - Downloaded https://repo.spring.io/libs-release/com/fasterxml/jackson/jackson-bom/2.8.11.20181123/jackson-bom-2.8.11.20181123.pom
2019-04-25 14:03:03,320 [Worker-1: reload maven project] INFO  o.e.m.c.i.e.AbstractTransferListenerAdapter - Downloaded https://oss.sonatype.org/content/repositories/snapshots/com/fasterxml/jackson/jackson-parent/2.8/jackson-parent-2.8.pom
2019-04-25 14:03:03,477 [Worker-1: reload maven project] INFO  o.e.m.c.i.e.AbstractTransferListenerAdapter - Downloading https://repo.spring.io/libs-release/com/fasterxml/jackson/jackson-parent/2.8/jackson-parent-2.8.pom
2019-04-25 14:03:03,641 [Worker-1: reload maven project] INFO  o.e.m.c.i.e.AbstractTransferListenerAdapter - Downloaded https://repo.spring.io/libs-release/com/fasterxml/jackson/jackson-parent/2.8/jackson-parent-2.8.pom
2019-04-25 14:03:03,807 [Worker-1: reload maven project] INFO  o.e.m.c.i.e.AbstractTransferListenerAdapter - Downloaded https://oss.sonatype.org/content/repositories/snapshots/com/fasterxml/oss-parent/27/oss-parent-27.pom
2019-04-25 14:03:03,958 [Worker-1: reload maven project] INFO  o.e.m.c.i.e.AbstractTransferListenerAdapter - Downloading https://repo.spring.io/libs-release/com/fasterxml/oss-parent/27/oss-parent-27.pom
2019-04-25 14:03:04,129 [Worker-1: reload maven project] INFO  o.e.m.c.i.e.AbstractTransferListenerAdapter - Downloaded https://repo.spring.io/libs-release/com/fasterxml/oss-parent/27/oss-parent-27.pom
2019-04-25 14:03:08,069 [Worker-1: reload maven project] INFO  o.e.m.c.i.e.AbstractTransferListenerAdapter - Downloaded https://oss.sonatype.org/content/repositories/snapshots/org/apache/logging/log4j/log4j-bom/2.7/log4j-bom-2.7.pom
2019-04-25 14:03:08,220 [Worker-1: reload maven project] INFO  o.e.m.c.i.e.AbstractTransferListenerAdapter - Downloading https://repo.spring.io/libs-release/org/apache/logging/log4j/log4j-bom/2.7/log4j-bom-2.7.pom
2019-04-25 14:03:08,389 [Worker-1: reload maven project] INFO  o.e.m.c.i.e.AbstractTransferListenerAdapter - Downloaded https://repo.spring.io/libs-release/org/apache/logging/log4j/log4j-bom/2.7/log4j-bom-2.7.pom
2019-04-25 14:03:08,633 [Worker-1: reload maven project] INFO  o.e.m.c.i.e.AbstractTransferListenerAdapter - Downloaded https://oss.sonatype.org/content/repositories/snapshots/org/springframework/spring-framework-bom/4.3.21.RELEASE/spring-framework-bom-4.3.21.RELEASE.pom
2019-04-25 14:03:08,781 [Worker-1: reload maven project] INFO  o.e.m.c.i.e.AbstractTransferListenerAdapter - Downloading https://repo.spring.io/libs-release/org/springframework/spring-framework-bom/4.3.21.RELEASE/spring-framework-bom-4.3.21.RELEASE.pom
2019-04-25 14:03:08,935 [Worker-1: reload maven project] INFO  o.e.m.c.i.e.AbstractTransferListenerAdapter - Downloaded https://repo.spring.io/libs-release/org/springframework/spring-framework-bom/4.3.21.RELEASE/spring-framework-bom-4.3.21.RELEASE.pom
2019-04-25 14:03:09,131 [Worker-1: reload maven project] INFO  o.e.m.c.i.e.AbstractTransferListenerAdapter - Downloaded https://oss.sonatype.org/content/repositories/snapshots/org/springframework/data/spring-data-releasetrain/Ingalls-SR17/spring-data-releasetrain-Ingalls-SR17.pom
2019-04-25 14:03:09,281 [Worker-1: reload maven project] INFO  o.e.m.c.i.e.AbstractTransferListenerAdapter - Downloading https://repo.spring.io/libs-release/org/springframework/data/spring-data-releasetrain/Ingalls-SR17/spring-data-releasetrain-Ingalls-SR17.pom
2019-04-25 14:03:09,439 [Worker-1: reload maven project] INFO  o.e.m.c.i.e.AbstractTransferListenerAdapter - Downloaded https://repo.spring.io/libs-release/org/springframework/data/spring-data-releasetrain/Ingalls-SR17/spring-data-releasetrain-Ingalls-SR17.pom
2019-04-25 14:03:09,613 [Worker-1: reload maven project] INFO  o.e.m.c.i.e.AbstractTransferListenerAdapter - Downloaded https://oss.sonatype.org/content/repositories/snapshots/org/springframework/data/build/spring-data-build/1.9.17.RELEASE/spring-data-build-1.9.17.RELEASE.pom
2019-04-25 14:03:09,790 [Worker-1: reload maven project] INFO  o.e.m.c.i.e.AbstractTransferListenerAdapter - Downloading https://repo.spring.io/libs-release/org/springframework/data/build/spring-data-build/1.9.17.RELEASE/spring-data-build-1.9.17.RELEASE.pom
2019-04-25 14:03:09,951 [Worker-1: reload maven project] INFO  o.e.m.c.i.e.AbstractTransferListenerAdapter - Downloaded https://repo.spring.io/libs-release/org/springframework/data/build/spring-data-build/1.9.17.RELEASE/spring-data-build-1.9.17.RELEASE.pom
2019-04-25 14:03:10,135 [Worker-1: reload maven project] INFO  o.e.m.c.i.e.AbstractTransferListenerAdapter - Downloaded https://oss.sonatype.org/content/repositories/snapshots/org/springframework/integration/spring-integration-bom/4.3.18.RELEASE/spring-integration-bom-4.3.18.RELEASE.pom
2019-04-25 14:03:10,293 [Worker-1: reload maven project] INFO  o.e.m.c.i.e.AbstractTransferListenerAdapter - Downloading https://repo.spring.io/libs-release/org/springframework/integration/spring-integration-bom/4.3.18.RELEASE/spring-integration-bom-4.3.18.RELEASE.pom
2019-04-25 14:03:10,558 [Worker-1: reload maven project] INFO  o.e.m.c.i.e.AbstractTransferListenerAdapter - Downloaded https://repo.spring.io/libs-release/org/springframework/integration/spring-integration-bom/4.3.18.RELEASE/spring-integration-bom-4.3.18.RELEASE.pom
2019-04-25 14:03:10,735 [Worker-1: reload maven project] INFO  o.e.m.c.i.e.AbstractTransferListenerAdapter - Downloaded https://oss.sonatype.org/content/repositories/snapshots/org/springframework/security/spring-security-bom/4.2.10.RELEASE/spring-security-bom-4.2.10.RELEASE.pom
2019-04-25 14:03:10,886 [Worker-1: reload maven project] INFO  o.e.m.c.i.e.AbstractTransferListenerAdapter - Downloading https://repo.spring.io/libs-release/org/springframework/security/spring-security-bom/4.2.10.RELEASE/spring-security-bom-4.2.10.RELEASE.pom
2019-04-25 14:03:11,066 [Worker-1: reload maven project] INFO  o.e.m.c.i.e.AbstractTransferListenerAdapter - Downloaded https://repo.spring.io/libs-release/org/springframework/security/spring-security-bom/4.2.10.RELEASE/spring-security-bom-4.2.10.RELEASE.pom
2019-04-25 14:04:17,848 [Worker-6: Loading available Gradle versions] INFO  o.e.b.c.i.u.g.PublishedGradleVersions - Gradle version information cache is up-to-date. Trying to read.
2019-04-25 14:11:44,578 [Worker-3: Loading available Gradle versions] INFO  o.e.b.c.i.u.g.PublishedGradleVersions - Gradle version information cache is up-to-date. Trying to read.
